<?xml version="1.0" encoding="UTF-8"?>
<testsuite name="TemperatureTests" tests="1" skipped="0" failures="0" errors="0" timestamp="2023-02-09T12:56:14" hostname="CLI-INF02-10" time="0.012">
  <properties/>
  <testcase name="numeroRandom()" classname="TemperatureTests" time="0.012"/>
  <system-out><![CDATA[]]></system-out>
  <system-err><![CDATA[]]></system-err>
</testsuite>
